<?xml version="1.0" encoding="UTF-8"?>
<!-- Generated by org.testng.reporters.JUnitXMLReporter -->
<testsuite hostname="LAPTOP-31B2K48K" ignored="0" name="Default test" tests="2" failures="0" timestamp="21 Sep 2019 03:48:13 GMT" time="6.799" errors="0">
  <testcase name="hubspotLoginPageTitleTest" time="6.121" classname="com.hubspot.qa.testcases.LoginPageTest"/>
  <testcase name="hubspotLoginTest" time="0.661" classname="com.hubspot.qa.testcases.LoginPageTest"/>
</testsuite> <!-- Default test -->
